CRITICAL - 2021-08-30 13:57:40 --> Class 'App\Models\NewsModel' not found
#0 C:\xampp\htdocs\project3\vendor\codeigniter4\framework\system\CodeIgniter.php(928): App\Controllers\News->index()
#1 C:\xampp\htdocs\project3\vendor\codeigniter4\framework\system\CodeIgniter.php(436): CodeIgniter\CodeIgniter->runController(Object(App\Controllers\News))
#2 C:\xampp\htdocs\project3\vendor\codeigniter4\framework\system\CodeIgniter.php(336): CodeIgniter\CodeIgniter->handleRequest(NULL, Object(Config\Cache), false)
#3 C:\xampp\htdocs\project3\public\index.php(37): CodeIgniter\CodeIgniter->run()
#4 C:\xampp\htdocs\project3\vendor\codeigniter4\framework\system\Commands\Server\rewrite.php(45): require_once('C:\\xampp\\htdocs...')
#5 {main}
CRITICAL - 2021-08-30 13:58:05 --> Class 'App\Models\NewsModel' not found
#0 C:\xampp\htdocs\project3\vendor\codeigniter4\framework\system\CodeIgniter.php(928): App\Controllers\News->index()
#1 C:\xampp\htdocs\project3\vendor\codeigniter4\framework\system\CodeIgniter.php(436): CodeIgniter\CodeIgniter->runController(Object(App\Controllers\News))
#2 C:\xampp\htdocs\project3\vendor\codeigniter4\framework\system\CodeIgniter.php(336): CodeIgniter\CodeIgniter->handleRequest(NULL, Object(Config\Cache), false)
#3 C:\xampp\htdocs\project3\public\index.php(37): CodeIgniter\CodeIgniter->run()
#4 C:\xampp\htdocs\project3\vendor\codeigniter4\framework\system\Commands\Server\rewrite.php(45): require_once('C:\\xampp\\htdocs...')
#5 {main}
CRITICAL - 2021-08-30 13:58:06 --> Class 'App\Models\NewsModel' not found
#0 C:\xampp\htdocs\project3\vendor\codeigniter4\framework\system\CodeIgniter.php(928): App\Controllers\News->index()
#1 C:\xampp\htdocs\project3\vendor\codeigniter4\framework\system\CodeIgniter.php(436): CodeIgniter\CodeIgniter->runController(Object(App\Controllers\News))
#2 C:\xampp\htdocs\project3\vendor\codeigniter4\framework\system\CodeIgniter.php(336): CodeIgniter\CodeIgniter->handleRequest(NULL, Object(Config\Cache), false)
#3 C:\xampp\htdocs\project3\public\index.php(37): CodeIgniter\CodeIgniter->run()
#4 C:\xampp\htdocs\project3\vendor\codeigniter4\framework\system\Commands\Server\rewrite.php(45): require_once('C:\\xampp\\htdocs...')
#5 {main}
CRITICAL - 2021-08-30 13:58:42 --> Class 'App\Models\NewsModel' not found
#0 C:\xampp\htdocs\project3\vendor\codeigniter4\framework\system\CodeIgniter.php(928): App\Controllers\News->index()
#1 C:\xampp\htdocs\project3\vendor\codeigniter4\framework\system\CodeIgniter.php(436): CodeIgniter\CodeIgniter->runController(Object(App\Controllers\News))
#2 C:\xampp\htdocs\project3\vendor\codeigniter4\framework\system\CodeIgniter.php(336): CodeIgniter\CodeIgniter->handleRequest(NULL, Object(Config\Cache), false)
#3 C:\xampp\htdocs\project3\public\index.php(37): CodeIgniter\CodeIgniter->run()
#4 C:\xampp\htdocs\project3\vendor\codeigniter4\framework\system\Commands\Server\rewrite.php(45): require_once('C:\\xampp\\htdocs...')
#5 {main}
CRITICAL - 2021-08-30 13:58:42 --> Class 'App\Models\NewsModel' not found
#0 C:\xampp\htdocs\project3\vendor\codeigniter4\framework\system\CodeIgniter.php(928): App\Controllers\News->index()
#1 C:\xampp\htdocs\project3\vendor\codeigniter4\framework\system\CodeIgniter.php(436): CodeIgniter\CodeIgniter->runController(Object(App\Controllers\News))
#2 C:\xampp\htdocs\project3\vendor\codeigniter4\framework\system\CodeIgniter.php(336): CodeIgniter\CodeIgniter->handleRequest(NULL, Object(Config\Cache), false)
#3 C:\xampp\htdocs\project3\public\index.php(37): CodeIgniter\CodeIgniter->run()
#4 C:\xampp\htdocs\project3\vendor\codeigniter4\framework\system\Commands\Server\rewrite.php(45): require_once('C:\\xampp\\htdocs...')
#5 {main}
CRITICAL - 2021-08-30 13:58:43 --> Class 'App\Models\NewsModel' not found
#0 C:\xampp\htdocs\project3\vendor\codeigniter4\framework\system\CodeIgniter.php(928): App\Controllers\News->index()
#1 C:\xampp\htdocs\project3\vendor\codeigniter4\framework\system\CodeIgniter.php(436): CodeIgniter\CodeIgniter->runController(Object(App\Controllers\News))
#2 C:\xampp\htdocs\project3\vendor\codeigniter4\framework\system\CodeIgniter.php(336): CodeIgniter\CodeIgniter->handleRequest(NULL, Object(Config\Cache), false)
#3 C:\xampp\htdocs\project3\public\index.php(37): CodeIgniter\CodeIgniter->run()
#4 C:\xampp\htdocs\project3\vendor\codeigniter4\framework\system\Commands\Server\rewrite.php(45): require_once('C:\\xampp\\htdocs...')
#5 {main}
CRITICAL - 2021-08-30 13:58:43 --> Class 'App\Models\NewsModel' not found
#0 C:\xampp\htdocs\project3\vendor\codeigniter4\framework\system\CodeIgniter.php(928): App\Controllers\News->index()
#1 C:\xampp\htdocs\project3\vendor\codeigniter4\framework\system\CodeIgniter.php(436): CodeIgniter\CodeIgniter->runController(Object(App\Controllers\News))
#2 C:\xampp\htdocs\project3\vendor\codeigniter4\framework\system\CodeIgniter.php(336): CodeIgniter\CodeIgniter->handleRequest(NULL, Object(Config\Cache), false)
#3 C:\xampp\htdocs\project3\public\index.php(37): CodeIgniter\CodeIgniter->run()
#4 C:\xampp\htdocs\project3\vendor\codeigniter4\framework\system\Commands\Server\rewrite.php(45): require_once('C:\\xampp\\htdocs...')
#5 {main}
CRITICAL - 2021-08-30 13:59:09 --> Class 'App\Models\NewsModel' not found
#0 C:\xampp\htdocs\project3\vendor\codeigniter4\framework\system\CodeIgniter.php(928): App\Controllers\News->index()
#1 C:\xampp\htdocs\project3\vendor\codeigniter4\framework\system\CodeIgniter.php(436): CodeIgniter\CodeIgniter->runController(Object(App\Controllers\News))
#2 C:\xampp\htdocs\project3\vendor\codeigniter4\framework\system\CodeIgniter.php(336): CodeIgniter\CodeIgniter->handleRequest(NULL, Object(Config\Cache), false)
#3 C:\xampp\htdocs\project3\public\index.php(37): CodeIgniter\CodeIgniter->run()
#4 C:\xampp\htdocs\project3\vendor\codeigniter4\framework\system\Commands\Server\rewrite.php(45): require_once('C:\\xampp\\htdocs...')
#5 {main}
CRITICAL - 2021-08-30 13:59:44 --> Class 'App\Models\NewsModel' not found
#0 C:\xampp\htdocs\project3\vendor\codeigniter4\framework\system\CodeIgniter.php(928): App\Controllers\News->index()
#1 C:\xampp\htdocs\project3\vendor\codeigniter4\framework\system\CodeIgniter.php(436): CodeIgniter\CodeIgniter->runController(Object(App\Controllers\News))
#2 C:\xampp\htdocs\project3\vendor\codeigniter4\framework\system\CodeIgniter.php(336): CodeIgniter\CodeIgniter->handleRequest(NULL, Object(Config\Cache), false)
#3 C:\xampp\htdocs\project3\public\index.php(37): CodeIgniter\CodeIgniter->run()
#4 C:\xampp\htdocs\project3\vendor\codeigniter4\framework\system\Commands\Server\rewrite.php(45): require_once('C:\\xampp\\htdocs...')
#5 {main}
CRITICAL - 2021-08-30 13:59:46 --> Class 'App\Models\NewsModel' not found
#0 C:\xampp\htdocs\project3\vendor\codeigniter4\framework\system\CodeIgniter.php(928): App\Controllers\News->view('view')
#1 C:\xampp\htdocs\project3\vendor\codeigniter4\framework\system\CodeIgniter.php(436): CodeIgniter\CodeIgniter->runController(Object(App\Controllers\News))
#2 C:\xampp\htdocs\project3\vendor\codeigniter4\framework\system\CodeIgniter.php(336): CodeIgniter\CodeIgniter->handleRequest(NULL, Object(Config\Cache), false)
#3 C:\xampp\htdocs\project3\public\index.php(37): CodeIgniter\CodeIgniter->run()
#4 C:\xampp\htdocs\project3\vendor\codeigniter4\framework\system\Commands\Server\rewrite.php(45): require_once('C:\\xampp\\htdocs...')
#5 {main}
CRITICAL - 2021-08-30 13:59:51 --> Class 'App\Models\NewsModel' not found
#0 C:\xampp\htdocs\project3\vendor\codeigniter4\framework\system\CodeIgniter.php(928): App\Controllers\News->view('view')
#1 C:\xampp\htdocs\project3\vendor\codeigniter4\framework\system\CodeIgniter.php(436): CodeIgniter\CodeIgniter->runController(Object(App\Controllers\News))
#2 C:\xampp\htdocs\project3\vendor\codeigniter4\framework\system\CodeIgniter.php(336): CodeIgniter\CodeIgniter->handleRequest(NULL, Object(Config\Cache), false)
#3 C:\xampp\htdocs\project3\public\index.php(37): CodeIgniter\CodeIgniter->run()
#4 C:\xampp\htdocs\project3\vendor\codeigniter4\framework\system\Commands\Server\rewrite.php(45): require_once('C:\\xampp\\htdocs...')
#5 {main}
CRITICAL - 2021-08-30 14:00:11 --> Class 'App\Models\NewsModel' not found
#0 C:\xampp\htdocs\project3\vendor\codeigniter4\framework\system\CodeIgniter.php(928): App\Controllers\News->index()
#1 C:\xampp\htdocs\project3\vendor\codeigniter4\framework\system\CodeIgniter.php(436): CodeIgniter\CodeIgniter->runController(Object(App\Controllers\News))
#2 C:\xampp\htdocs\project3\vendor\codeigniter4\framework\system\CodeIgniter.php(336): CodeIgniter\CodeIgniter->handleRequest(NULL, Object(Config\Cache), false)
#3 C:\xampp\htdocs\project3\public\index.php(37): CodeIgniter\CodeIgniter->run()
#4 C:\xampp\htdocs\project3\vendor\codeigniter4\framework\system\Commands\Server\rewrite.php(45): require_once('C:\\xampp\\htdocs...')
#5 {main}
CRITICAL - 2021-08-30 14:00:15 --> Class 'App\Models\NewsModel' not found
#0 C:\xampp\htdocs\project3\vendor\codeigniter4\framework\system\CodeIgniter.php(928): App\Controllers\News->index()
#1 C:\xampp\htdocs\project3\vendor\codeigniter4\framework\system\CodeIgniter.php(436): CodeIgniter\CodeIgniter->runController(Object(App\Controllers\News))
#2 C:\xampp\htdocs\project3\vendor\codeigniter4\framework\system\CodeIgniter.php(336): CodeIgniter\CodeIgniter->handleRequest(NULL, Object(Config\Cache), false)
#3 C:\xampp\htdocs\project3\public\index.php(37): CodeIgniter\CodeIgniter->run()
#4 C:\xampp\htdocs\project3\vendor\codeigniter4\framework\system\Commands\Server\rewrite.php(45): require_once('C:\\xampp\\htdocs...')
#5 {main}
CRITICAL - 2021-08-30 14:01:04 --> Class 'App\Models\NewsModel' not found
#0 C:\xampp\htdocs\project3\vendor\codeigniter4\framework\system\CodeIgniter.php(928): App\Controllers\News->index()
#1 C:\xampp\htdocs\project3\vendor\codeigniter4\framework\system\CodeIgniter.php(436): CodeIgniter\CodeIgniter->runController(Object(App\Controllers\News))
#2 C:\xampp\htdocs\project3\vendor\codeigniter4\framework\system\CodeIgniter.php(336): CodeIgniter\CodeIgniter->handleRequest(NULL, Object(Config\Cache), false)
#3 C:\xampp\htdocs\project3\public\index.php(37): CodeIgniter\CodeIgniter->run()
#4 C:\xampp\htdocs\project3\vendor\codeigniter4\framework\system\Commands\Server\rewrite.php(45): require_once('C:\\xampp\\htdocs...')
#5 {main}
CRITICAL - 2021-08-30 14:01:18 --> Class 'App\Models\NewsModel' not found
#0 C:\xampp\htdocs\project3\vendor\codeigniter4\framework\system\CodeIgniter.php(928): App\Controllers\News->view('index')
#1 C:\xampp\htdocs\project3\vendor\codeigniter4\framework\system\CodeIgniter.php(436): CodeIgniter\CodeIgniter->runController(Object(App\Controllers\News))
#2 C:\xampp\htdocs\project3\vendor\codeigniter4\framework\system\CodeIgniter.php(336): CodeIgniter\CodeIgniter->handleRequest(NULL, Object(Config\Cache), false)
#3 C:\xampp\htdocs\project3\public\index.php(37): CodeIgniter\CodeIgniter->run()
#4 C:\xampp\htdocs\project3\vendor\codeigniter4\framework\system\Commands\Server\rewrite.php(45): require_once('C:\\xampp\\htdocs...')
#5 {main}
CRITICAL - 2021-08-30 14:01:20 --> Class 'App\Models\NewsModel' not found
#0 C:\xampp\htdocs\project3\vendor\codeigniter4\framework\system\CodeIgniter.php(928): App\Controllers\News->view('view')
#1 C:\xampp\htdocs\project3\vendor\codeigniter4\framework\system\CodeIgniter.php(436): CodeIgniter\CodeIgniter->runController(Object(App\Controllers\News))
#2 C:\xampp\htdocs\project3\vendor\codeigniter4\framework\system\CodeIgniter.php(336): CodeIgniter\CodeIgniter->handleRequest(NULL, Object(Config\Cache), false)
#3 C:\xampp\htdocs\project3\public\index.php(37): CodeIgniter\CodeIgniter->run()
#4 C:\xampp\htdocs\project3\vendor\codeigniter4\framework\system\Commands\Server\rewrite.php(45): require_once('C:\\xampp\\htdocs...')
#5 {main}
CRITICAL - 2021-08-30 14:02:04 --> Class 'App\Models\NewsModel' not found
#0 C:\xampp\htdocs\project3\vendor\codeigniter4\framework\system\CodeIgniter.php(928): App\Controllers\News->view('view')
#1 C:\xampp\htdocs\project3\vendor\codeigniter4\framework\system\CodeIgniter.php(436): CodeIgniter\CodeIgniter->runController(Object(App\Controllers\News))
#2 C:\xampp\htdocs\project3\vendor\codeigniter4\framework\system\CodeIgniter.php(336): CodeIgniter\CodeIgniter->handleRequest(NULL, Object(Config\Cache), false)
#3 C:\xampp\htdocs\project3\public\index.php(37): CodeIgniter\CodeIgniter->run()
#4 C:\xampp\htdocs\project3\vendor\codeigniter4\framework\system\Commands\Server\rewrite.php(45): require_once('C:\\xampp\\htdocs...')
#5 {main}
CRITICAL - 2021-08-30 14:02:05 --> Class 'App\Models\NewsModel' not found
#0 C:\xampp\htdocs\project3\vendor\codeigniter4\framework\system\CodeIgniter.php(928): App\Controllers\News->view('view')
#1 C:\xampp\htdocs\project3\vendor\codeigniter4\framework\system\CodeIgniter.php(436): CodeIgniter\CodeIgniter->runController(Object(App\Controllers\News))
#2 C:\xampp\htdocs\project3\vendor\codeigniter4\framework\system\CodeIgniter.php(336): CodeIgniter\CodeIgniter->handleRequest(NULL, Object(Config\Cache), false)
#3 C:\xampp\htdocs\project3\public\index.php(37): CodeIgniter\CodeIgniter->run()
#4 C:\xampp\htdocs\project3\vendor\codeigniter4\framework\system\Commands\Server\rewrite.php(45): require_once('C:\\xampp\\htdocs...')
#5 {main}
CRITICAL - 2021-08-30 14:02:06 --> Class 'App\Models\NewsModel' not found
#0 C:\xampp\htdocs\project3\vendor\codeigniter4\framework\system\CodeIgniter.php(928): App\Controllers\News->view('view')
#1 C:\xampp\htdocs\project3\vendor\codeigniter4\framework\system\CodeIgniter.php(436): CodeIgniter\CodeIgniter->runController(Object(App\Controllers\News))
#2 C:\xampp\htdocs\project3\vendor\codeigniter4\framework\system\CodeIgniter.php(336): CodeIgniter\CodeIgniter->handleRequest(NULL, Object(Config\Cache), false)
#3 C:\xampp\htdocs\project3\public\index.php(37): CodeIgniter\CodeIgniter->run()
#4 C:\xampp\htdocs\project3\vendor\codeigniter4\framework\system\Commands\Server\rewrite.php(45): require_once('C:\\xampp\\htdocs...')
#5 {main}
CRITICAL - 2021-08-30 14:02:07 --> Class 'App\Models\NewsModel' not found
#0 C:\xampp\htdocs\project3\vendor\codeigniter4\framework\system\CodeIgniter.php(928): App\Controllers\News->view('view')
#1 C:\xampp\htdocs\project3\vendor\codeigniter4\framework\system\CodeIgniter.php(436): CodeIgniter\CodeIgniter->runController(Object(App\Controllers\News))
#2 C:\xampp\htdocs\project3\vendor\codeigniter4\framework\system\CodeIgniter.php(336): CodeIgniter\CodeIgniter->handleRequest(NULL, Object(Config\Cache), false)
#3 C:\xampp\htdocs\project3\public\index.php(37): CodeIgniter\CodeIgniter->run()
#4 C:\xampp\htdocs\project3\vendor\codeigniter4\framework\system\Commands\Server\rewrite.php(45): require_once('C:\\xampp\\htdocs...')
#5 {main}
CRITICAL - 2021-08-30 14:02:07 --> Class 'App\Models\NewsModel' not found
#0 C:\xampp\htdocs\project3\vendor\codeigniter4\framework\system\CodeIgniter.php(928): App\Controllers\News->view('view')
#1 C:\xampp\htdocs\project3\vendor\codeigniter4\framework\system\CodeIgniter.php(436): CodeIgniter\CodeIgniter->runController(Object(App\Controllers\News))
#2 C:\xampp\htdocs\project3\vendor\codeigniter4\framework\system\CodeIgniter.php(336): CodeIgniter\CodeIgniter->handleRequest(NULL, Object(Config\Cache), false)
#3 C:\xampp\htdocs\project3\public\index.php(37): CodeIgniter\CodeIgniter->run()
#4 C:\xampp\htdocs\project3\vendor\codeigniter4\framework\system\Commands\Server\rewrite.php(45): require_once('C:\\xampp\\htdocs...')
#5 {main}
CRITICAL - 2021-08-30 14:02:07 --> Class 'App\Models\NewsModel' not found
#0 C:\xampp\htdocs\project3\vendor\codeigniter4\framework\system\CodeIgniter.php(928): App\Controllers\News->view('view')
#1 C:\xampp\htdocs\project3\vendor\codeigniter4\framework\system\CodeIgniter.php(436): CodeIgniter\CodeIgniter->runController(Object(App\Controllers\News))
#2 C:\xampp\htdocs\project3\vendor\codeigniter4\framework\system\CodeIgniter.php(336): CodeIgniter\CodeIgniter->handleRequest(NULL, Object(Config\Cache), false)
#3 C:\xampp\htdocs\project3\public\index.php(37): CodeIgniter\CodeIgniter->run()
#4 C:\xampp\htdocs\project3\vendor\codeigniter4\framework\system\Commands\Server\rewrite.php(45): require_once('C:\\xampp\\htdocs...')
#5 {main}
CRITICAL - 2021-08-30 14:02:16 --> Class 'App\Models\NewsModel' not found
#0 C:\xampp\htdocs\project3\vendor\codeigniter4\framework\system\CodeIgniter.php(928): App\Controllers\News->view('view')
#1 C:\xampp\htdocs\project3\vendor\codeigniter4\framework\system\CodeIgniter.php(436): CodeIgniter\CodeIgniter->runController(Object(App\Controllers\News))
#2 C:\xampp\htdocs\project3\vendor\codeigniter4\framework\system\CodeIgniter.php(336): CodeIgniter\CodeIgniter->handleRequest(NULL, Object(Config\Cache), false)
#3 C:\xampp\htdocs\project3\public\index.php(37): CodeIgniter\CodeIgniter->run()
#4 C:\xampp\htdocs\project3\vendor\codeigniter4\framework\system\Commands\Server\rewrite.php(45): require_once('C:\\xampp\\htdocs...')
#5 {main}
CRITICAL - 2021-08-30 14:02:18 --> Class 'App\Models\NewsModel' not found
#0 C:\xampp\htdocs\project3\vendor\codeigniter4\framework\system\CodeIgniter.php(928): App\Controllers\News->index()
#1 C:\xampp\htdocs\project3\vendor\codeigniter4\framework\system\CodeIgniter.php(436): CodeIgniter\CodeIgniter->runController(Object(App\Controllers\News))
#2 C:\xampp\htdocs\project3\vendor\codeigniter4\framework\system\CodeIgniter.php(336): CodeIgniter\CodeIgniter->handleRequest(NULL, Object(Config\Cache), false)
#3 C:\xampp\htdocs\project3\public\index.php(37): CodeIgniter\CodeIgniter->run()
#4 C:\xampp\htdocs\project3\vendor\codeigniter4\framework\system\Commands\Server\rewrite.php(45): require_once('C:\\xampp\\htdocs...')
#5 {main}
CRITICAL - 2021-08-30 14:02:22 --> Class 'App\Models\NewsModel' not found
#0 C:\xampp\htdocs\project3\vendor\codeigniter4\framework\system\CodeIgniter.php(928): App\Controllers\News->index()
#1 C:\xampp\htdocs\project3\vendor\codeigniter4\framework\system\CodeIgniter.php(436): CodeIgniter\CodeIgniter->runController(Object(App\Controllers\News))
#2 C:\xampp\htdocs\project3\vendor\codeigniter4\framework\system\CodeIgniter.php(336): CodeIgniter\CodeIgniter->handleRequest(NULL, Object(Config\Cache), false)
#3 C:\xampp\htdocs\project3\public\index.php(37): CodeIgniter\CodeIgniter->run()
#4 C:\xampp\htdocs\project3\vendor\codeigniter4\framework\system\Commands\Server\rewrite.php(45): require_once('C:\\xampp\\htdocs...')
#5 {main}
CRITICAL - 2021-08-30 14:02:47 --> Class 'App\Models\NewsModel' not found
#0 C:\xampp\htdocs\project3\vendor\codeigniter4\framework\system\CodeIgniter.php(928): App\Controllers\News->index()
#1 C:\xampp\htdocs\project3\vendor\codeigniter4\framework\system\CodeIgniter.php(436): CodeIgniter\CodeIgniter->runController(Object(App\Controllers\News))
#2 C:\xampp\htdocs\project3\vendor\codeigniter4\framework\system\CodeIgniter.php(336): CodeIgniter\CodeIgniter->handleRequest(NULL, Object(Config\Cache), false)
#3 C:\xampp\htdocs\project3\public\index.php(37): CodeIgniter\CodeIgniter->run()
#4 C:\xampp\htdocs\project3\vendor\codeigniter4\framework\system\Commands\Server\rewrite.php(45): require_once('C:\\xampp\\htdocs...')
#5 {main}
CRITICAL - 2021-08-30 14:02:55 --> Class 'App\Models\NewsModel' not found
#0 C:\xampp\htdocs\project3\vendor\codeigniter4\framework\system\CodeIgniter.php(928): App\Controllers\News->index()
#1 C:\xampp\htdocs\project3\vendor\codeigniter4\framework\system\CodeIgniter.php(436): CodeIgniter\CodeIgniter->runController(Object(App\Controllers\News))
#2 C:\xampp\htdocs\project3\vendor\codeigniter4\framework\system\CodeIgniter.php(336): CodeIgniter\CodeIgniter->handleRequest(NULL, Object(Config\Cache), false)
#3 C:\xampp\htdocs\project3\public\index.php(37): CodeIgniter\CodeIgniter->run()
#4 C:\xampp\htdocs\project3\vendor\codeigniter4\framework\system\Commands\Server\rewrite.php(45): require_once('C:\\xampp\\htdocs...')
#5 {main}
CRITICAL - 2021-08-30 14:04:45 --> Class 'App\Models\NewsModel' not found
#0 C:\xampp\htdocs\project3\vendor\codeigniter4\framework\system\CodeIgniter.php(928): App\Controllers\News->index()
#1 C:\xampp\htdocs\project3\vendor\codeigniter4\framework\system\CodeIgniter.php(436): CodeIgniter\CodeIgniter->runController(Object(App\Controllers\News))
#2 C:\xampp\htdocs\project3\vendor\codeigniter4\framework\system\CodeIgniter.php(336): CodeIgniter\CodeIgniter->handleRequest(NULL, Object(Config\Cache), false)
#3 C:\xampp\htdocs\project3\public\index.php(37): CodeIgniter\CodeIgniter->run()
#4 C:\xampp\htdocs\project3\vendor\codeigniter4\framework\system\Commands\Server\rewrite.php(45): require_once('C:\\xampp\\htdocs...')
#5 {main}
CRITICAL - 2021-08-30 14:04:58 --> Class 'App\Models\NewsModel' not found
#0 C:\xampp\htdocs\project3\vendor\codeigniter4\framework\system\CodeIgniter.php(928): App\Controllers\News->index()
#1 C:\xampp\htdocs\project3\vendor\codeigniter4\framework\system\CodeIgniter.php(436): CodeIgniter\CodeIgniter->runController(Object(App\Controllers\News))
#2 C:\xampp\htdocs\project3\vendor\codeigniter4\framework\system\CodeIgniter.php(336): CodeIgniter\CodeIgniter->handleRequest(NULL, Object(Config\Cache), false)
#3 C:\xampp\htdocs\project3\public\index.php(37): CodeIgniter\CodeIgniter->run()
#4 C:\xampp\htdocs\project3\vendor\codeigniter4\framework\system\Commands\Server\rewrite.php(45): require_once('C:\\xampp\\htdocs...')
#5 {main}
CRITICAL - 2021-08-30 14:05:23 --> Class 'App\Models\NewsModel' not found
#0 C:\xampp\htdocs\project3\vendor\codeigniter4\framework\system\CodeIgniter.php(928): App\Controllers\News->index()
#1 C:\xampp\htdocs\project3\vendor\codeigniter4\framework\system\CodeIgniter.php(436): CodeIgniter\CodeIgniter->runController(Object(App\Controllers\News))
#2 C:\xampp\htdocs\project3\vendor\codeigniter4\framework\system\CodeIgniter.php(336): CodeIgniter\CodeIgniter->handleRequest(NULL, Object(Config\Cache), false)
#3 C:\xampp\htdocs\project3\public\index.php(37): CodeIgniter\CodeIgniter->run()
#4 C:\xampp\htdocs\project3\vendor\codeigniter4\framework\system\Commands\Server\rewrite.php(45): require_once('C:\\xampp\\htdocs...')
#5 {main}
CRITICAL - 2021-08-30 14:05:27 --> Class 'App\Models\NewsModel' not found
#0 C:\xampp\htdocs\project3\vendor\codeigniter4\framework\system\CodeIgniter.php(928): App\Controllers\News->index()
#1 C:\xampp\htdocs\project3\vendor\codeigniter4\framework\system\CodeIgniter.php(436): CodeIgniter\CodeIgniter->runController(Object(App\Controllers\News))
#2 C:\xampp\htdocs\project3\vendor\codeigniter4\framework\system\CodeIgniter.php(336): CodeIgniter\CodeIgniter->handleRequest(NULL, Object(Config\Cache), false)
#3 C:\xampp\htdocs\project3\public\index.php(37): CodeIgniter\CodeIgniter->run()
#4 C:\xampp\htdocs\project3\vendor\codeigniter4\framework\system\Commands\Server\rewrite.php(45): require_once('C:\\xampp\\htdocs...')
#5 {main}
CRITICAL - 2021-08-30 14:06:00 --> Class 'App\Models\NewsModel' not found
#0 C:\xampp\htdocs\project3\vendor\codeigniter4\framework\system\CodeIgniter.php(928): App\Controllers\News->index()
#1 C:\xampp\htdocs\project3\vendor\codeigniter4\framework\system\CodeIgniter.php(436): CodeIgniter\CodeIgniter->runController(Object(App\Controllers\News))
#2 C:\xampp\htdocs\project3\vendor\codeigniter4\framework\system\CodeIgniter.php(336): CodeIgniter\CodeIgniter->handleRequest(NULL, Object(Config\Cache), false)
#3 C:\xampp\htdocs\project3\public\index.php(37): CodeIgniter\CodeIgniter->run()
#4 C:\xampp\htdocs\project3\vendor\codeigniter4\framework\system\Commands\Server\rewrite.php(45): require_once('C:\\xampp\\htdocs...')
#5 {main}
CRITICAL - 2021-08-30 14:06:00 --> Class 'App\Models\NewsModel' not found
#0 C:\xampp\htdocs\project3\vendor\codeigniter4\framework\system\CodeIgniter.php(928): App\Controllers\News->index()
#1 C:\xampp\htdocs\project3\vendor\codeigniter4\framework\system\CodeIgniter.php(436): CodeIgniter\CodeIgniter->runController(Object(App\Controllers\News))
#2 C:\xampp\htdocs\project3\vendor\codeigniter4\framework\system\CodeIgniter.php(336): CodeIgniter\CodeIgniter->handleRequest(NULL, Object(Config\Cache), false)
#3 C:\xampp\htdocs\project3\public\index.php(37): CodeIgniter\CodeIgniter->run()
#4 C:\xampp\htdocs\project3\vendor\codeigniter4\framework\system\Commands\Server\rewrite.php(45): require_once('C:\\xampp\\htdocs...')
#5 {main}
CRITICAL - 2021-08-30 14:06:04 --> Class 'App\Models\NewsModel' not found
#0 C:\xampp\htdocs\project3\vendor\codeigniter4\framework\system\CodeIgniter.php(928): App\Controllers\News->index()
#1 C:\xampp\htdocs\project3\vendor\codeigniter4\framework\system\CodeIgniter.php(436): CodeIgniter\CodeIgniter->runController(Object(App\Controllers\News))
#2 C:\xampp\htdocs\project3\vendor\codeigniter4\framework\system\CodeIgniter.php(336): CodeIgniter\CodeIgniter->handleRequest(NULL, Object(Config\Cache), false)
#3 C:\xampp\htdocs\project3\public\index.php(37): CodeIgniter\CodeIgniter->run()
#4 C:\xampp\htdocs\project3\vendor\codeigniter4\framework\system\Commands\Server\rewrite.php(45): require_once('C:\\xampp\\htdocs...')
#5 {main}
CRITICAL - 2021-08-30 14:06:21 --> Class 'App\Models\NewsModel' not found
#0 C:\xampp\htdocs\project3\vendor\codeigniter4\framework\system\CodeIgniter.php(928): App\Controllers\News->index()
#1 C:\xampp\htdocs\project3\vendor\codeigniter4\framework\system\CodeIgniter.php(436): CodeIgniter\CodeIgniter->runController(Object(App\Controllers\News))
#2 C:\xampp\htdocs\project3\vendor\codeigniter4\framework\system\CodeIgniter.php(336): CodeIgniter\CodeIgniter->handleRequest(NULL, Object(Config\Cache), false)
#3 C:\xampp\htdocs\project3\public\index.php(37): CodeIgniter\CodeIgniter->run()
#4 C:\xampp\htdocs\project3\vendor\codeigniter4\framework\system\Commands\Server\rewrite.php(45): require_once('C:\\xampp\\htdocs...')
#5 {main}
CRITICAL - 2021-08-30 14:06:22 --> Class 'App\Models\NewsModel' not found
#0 C:\xampp\htdocs\project3\vendor\codeigniter4\framework\system\CodeIgniter.php(928): App\Controllers\News->index()
#1 C:\xampp\htdocs\project3\vendor\codeigniter4\framework\system\CodeIgniter.php(436): CodeIgniter\CodeIgniter->runController(Object(App\Controllers\News))
#2 C:\xampp\htdocs\project3\vendor\codeigniter4\framework\system\CodeIgniter.php(336): CodeIgniter\CodeIgniter->handleRequest(NULL, Object(Config\Cache), false)
#3 C:\xampp\htdocs\project3\public\index.php(37): CodeIgniter\CodeIgniter->run()
#4 C:\xampp\htdocs\project3\vendor\codeigniter4\framework\system\Commands\Server\rewrite.php(45): require_once('C:\\xampp\\htdocs...')
#5 {main}
CRITICAL - 2021-08-30 14:06:22 --> Class 'App\Models\NewsModel' not found
#0 C:\xampp\htdocs\project3\vendor\codeigniter4\framework\system\CodeIgniter.php(928): App\Controllers\News->index()
#1 C:\xampp\htdocs\project3\vendor\codeigniter4\framework\system\CodeIgniter.php(436): CodeIgniter\CodeIgniter->runController(Object(App\Controllers\News))
#2 C:\xampp\htdocs\project3\vendor\codeigniter4\framework\system\CodeIgniter.php(336): CodeIgniter\CodeIgniter->handleRequest(NULL, Object(Config\Cache), false)
#3 C:\xampp\htdocs\project3\public\index.php(37): CodeIgniter\CodeIgniter->run()
#4 C:\xampp\htdocs\project3\vendor\codeigniter4\framework\system\Commands\Server\rewrite.php(45): require_once('C:\\xampp\\htdocs...')
#5 {main}
CRITICAL - 2021-08-30 14:07:54 --> Class 'App\Models\NewsModel' not found
#0 C:\xampp\htdocs\project3\vendor\codeigniter4\framework\system\CodeIgniter.php(928): App\Controllers\News->index()
#1 C:\xampp\htdocs\project3\vendor\codeigniter4\framework\system\CodeIgniter.php(436): CodeIgniter\CodeIgniter->runController(Object(App\Controllers\News))
#2 C:\xampp\htdocs\project3\vendor\codeigniter4\framework\system\CodeIgniter.php(336): CodeIgniter\CodeIgniter->handleRequest(NULL, Object(Config\Cache), false)
#3 C:\xampp\htdocs\project3\public\index.php(37): CodeIgniter\CodeIgniter->run()
#4 C:\xampp\htdocs\project3\vendor\codeigniter4\framework\system\Commands\Server\rewrite.php(45): require_once('C:\\xampp\\htdocs...')
#5 {main}
CRITICAL - 2021-08-30 14:07:58 --> Class 'App\Models\NewsModel' not found
#0 C:\xampp\htdocs\project3\vendor\codeigniter4\framework\system\CodeIgniter.php(928): App\Controllers\News->view()
#1 C:\xampp\htdocs\project3\vendor\codeigniter4\framework\system\CodeIgniter.php(436): CodeIgniter\CodeIgniter->runController(Object(App\Controllers\News))
#2 C:\xampp\htdocs\project3\vendor\codeigniter4\framework\system\CodeIgniter.php(336): CodeIgniter\CodeIgniter->handleRequest(NULL, Object(Config\Cache), false)
#3 C:\xampp\htdocs\project3\public\index.php(37): CodeIgniter\CodeIgniter->run()
#4 C:\xampp\htdocs\project3\vendor\codeigniter4\framework\system\Commands\Server\rewrite.php(45): require_once('C:\\xampp\\htdocs...')
#5 {main}
CRITICAL - 2021-08-30 14:08:25 --> Class 'App\Models\NewsModel' not found
#0 C:\xampp\htdocs\project3\vendor\codeigniter4\framework\system\CodeIgniter.php(928): App\Controllers\News->view('view')
#1 C:\xampp\htdocs\project3\vendor\codeigniter4\framework\system\CodeIgniter.php(436): CodeIgniter\CodeIgniter->runController(Object(App\Controllers\News))
#2 C:\xampp\htdocs\project3\vendor\codeigniter4\framework\system\CodeIgniter.php(336): CodeIgniter\CodeIgniter->handleRequest(NULL, Object(Config\Cache), false)
#3 C:\xampp\htdocs\project3\public\index.php(37): CodeIgniter\CodeIgniter->run()
#4 C:\xampp\htdocs\project3\vendor\codeigniter4\framework\system\Commands\Server\rewrite.php(45): require_once('C:\\xampp\\htdocs...')
#5 {main}
CRITICAL - 2021-08-30 14:08:25 --> Class 'App\Models\NewsModel' not found
#0 C:\xampp\htdocs\project3\vendor\codeigniter4\framework\system\CodeIgniter.php(928): App\Controllers\News->view('view')
#1 C:\xampp\htdocs\project3\vendor\codeigniter4\framework\system\CodeIgniter.php(436): CodeIgniter\CodeIgniter->runController(Object(App\Controllers\News))
#2 C:\xampp\htdocs\project3\vendor\codeigniter4\framework\system\CodeIgniter.php(336): CodeIgniter\CodeIgniter->handleRequest(NULL, Object(Config\Cache), false)
#3 C:\xampp\htdocs\project3\public\index.php(37): CodeIgniter\CodeIgniter->run()
#4 C:\xampp\htdocs\project3\vendor\codeigniter4\framework\system\Commands\Server\rewrite.php(45): require_once('C:\\xampp\\htdocs...')
#5 {main}
CRITICAL - 2021-08-30 14:08:26 --> Class 'App\Models\NewsModel' not found
#0 C:\xampp\htdocs\project3\vendor\codeigniter4\framework\system\CodeIgniter.php(928): App\Controllers\News->view('view')
#1 C:\xampp\htdocs\project3\vendor\codeigniter4\framework\system\CodeIgniter.php(436): CodeIgniter\CodeIgniter->runController(Object(App\Controllers\News))
#2 C:\xampp\htdocs\project3\vendor\codeigniter4\framework\system\CodeIgniter.php(336): CodeIgniter\CodeIgniter->handleRequest(NULL, Object(Config\Cache), false)
#3 C:\xampp\htdocs\project3\public\index.php(37): CodeIgniter\CodeIgniter->run()
#4 C:\xampp\htdocs\project3\vendor\codeigniter4\framework\system\Commands\Server\rewrite.php(45): require_once('C:\\xampp\\htdocs...')
#5 {main}
CRITICAL - 2021-08-30 14:08:28 --> Class 'App\Models\NewsModel' not found
#0 C:\xampp\htdocs\project3\vendor\codeigniter4\framework\system\CodeIgniter.php(928): App\Controllers\News->index()
#1 C:\xampp\htdocs\project3\vendor\codeigniter4\framework\system\CodeIgniter.php(436): CodeIgniter\CodeIgniter->runController(Object(App\Controllers\News))
#2 C:\xampp\htdocs\project3\vendor\codeigniter4\framework\system\CodeIgniter.php(336): CodeIgniter\CodeIgniter->handleRequest(NULL, Object(Config\Cache), false)
#3 C:\xampp\htdocs\project3\public\index.php(37): CodeIgniter\CodeIgniter->run()
#4 C:\xampp\htdocs\project3\vendor\codeigniter4\framework\system\Commands\Server\rewrite.php(45): require_once('C:\\xampp\\htdocs...')
#5 {main}
CRITICAL - 2021-08-30 14:09:51 --> Class 'App\Models\NewsModel' not found
#0 C:\xampp\htdocs\project3\vendor\codeigniter4\framework\system\CodeIgniter.php(928): App\Controllers\News->index()
#1 C:\xampp\htdocs\project3\vendor\codeigniter4\framework\system\CodeIgniter.php(436): CodeIgniter\CodeIgniter->runController(Object(App\Controllers\News))
#2 C:\xampp\htdocs\project3\vendor\codeigniter4\framework\system\CodeIgniter.php(336): CodeIgniter\CodeIgniter->handleRequest(NULL, Object(Config\Cache), false)
#3 C:\xampp\htdocs\project3\public\index.php(37): CodeIgniter\CodeIgniter->run()
#4 C:\xampp\htdocs\project3\vendor\codeigniter4\framework\system\Commands\Server\rewrite.php(45): require_once('C:\\xampp\\htdocs...')
#5 {main}
CRITICAL - 2021-08-30 14:09:55 --> Class 'App\Models\NewsModel' not found
#0 C:\xampp\htdocs\project3\vendor\codeigniter4\framework\system\CodeIgniter.php(928): App\Controllers\News->index()
#1 C:\xampp\htdocs\project3\vendor\codeigniter4\framework\system\CodeIgniter.php(436): CodeIgniter\CodeIgniter->runController(Object(App\Controllers\News))
#2 C:\xampp\htdocs\project3\vendor\codeigniter4\framework\system\CodeIgniter.php(336): CodeIgniter\CodeIgniter->handleRequest(NULL, Object(Config\Cache), false)
#3 C:\xampp\htdocs\project3\public\index.php(37): CodeIgniter\CodeIgniter->run()
#4 C:\xampp\htdocs\project3\vendor\codeigniter4\framework\system\Commands\Server\rewrite.php(45): require_once('C:\\xampp\\htdocs...')
#5 {main}
CRITICAL - 2021-08-30 14:09:56 --> Class 'App\Models\NewsModel' not found
#0 C:\xampp\htdocs\project3\vendor\codeigniter4\framework\system\CodeIgniter.php(928): App\Controllers\News->index()
#1 C:\xampp\htdocs\project3\vendor\codeigniter4\framework\system\CodeIgniter.php(436): CodeIgniter\CodeIgniter->runController(Object(App\Controllers\News))
#2 C:\xampp\htdocs\project3\vendor\codeigniter4\framework\system\CodeIgniter.php(336): CodeIgniter\CodeIgniter->handleRequest(NULL, Object(Config\Cache), false)
#3 C:\xampp\htdocs\project3\public\index.php(37): CodeIgniter\CodeIgniter->run()
#4 C:\xampp\htdocs\project3\vendor\codeigniter4\framework\system\Commands\Server\rewrite.php(45): require_once('C:\\xampp\\htdocs...')
#5 {main}
CRITICAL - 2021-08-30 14:09:56 --> Class 'App\Models\NewsModel' not found
#0 C:\xampp\htdocs\project3\vendor\codeigniter4\framework\system\CodeIgniter.php(928): App\Controllers\News->index()
#1 C:\xampp\htdocs\project3\vendor\codeigniter4\framework\system\CodeIgniter.php(436): CodeIgniter\CodeIgniter->runController(Object(App\Controllers\News))
#2 C:\xampp\htdocs\project3\vendor\codeigniter4\framework\system\CodeIgniter.php(336): CodeIgniter\CodeIgniter->handleRequest(NULL, Object(Config\Cache), false)
#3 C:\xampp\htdocs\project3\public\index.php(37): CodeIgniter\CodeIgniter->run()
#4 C:\xampp\htdocs\project3\vendor\codeigniter4\framework\system\Commands\Server\rewrite.php(45): require_once('C:\\xampp\\htdocs...')
#5 {main}
CRITICAL - 2021-08-30 14:09:56 --> Class 'App\Models\NewsModel' not found
#0 C:\xampp\htdocs\project3\vendor\codeigniter4\framework\system\CodeIgniter.php(928): App\Controllers\News->index()
#1 C:\xampp\htdocs\project3\vendor\codeigniter4\framework\system\CodeIgniter.php(436): CodeIgniter\CodeIgniter->runController(Object(App\Controllers\News))
#2 C:\xampp\htdocs\project3\vendor\codeigniter4\framework\system\CodeIgniter.php(336): CodeIgniter\CodeIgniter->handleRequest(NULL, Object(Config\Cache), false)
#3 C:\xampp\htdocs\project3\public\index.php(37): CodeIgniter\CodeIgniter->run()
#4 C:\xampp\htdocs\project3\vendor\codeigniter4\framework\system\Commands\Server\rewrite.php(45): require_once('C:\\xampp\\htdocs...')
#5 {main}
CRITICAL - 2021-08-30 14:10:05 --> Class 'App\Models\NewsModel' not found
#0 C:\xampp\htdocs\project3\vendor\codeigniter4\framework\system\CodeIgniter.php(928): App\Controllers\News->index()
#1 C:\xampp\htdocs\project3\vendor\codeigniter4\framework\system\CodeIgniter.php(436): CodeIgniter\CodeIgniter->runController(Object(App\Controllers\News))
#2 C:\xampp\htdocs\project3\vendor\codeigniter4\framework\system\CodeIgniter.php(336): CodeIgniter\CodeIgniter->handleRequest(NULL, Object(Config\Cache), false)
#3 C:\xampp\htdocs\project3\public\index.php(37): CodeIgniter\CodeIgniter->run()
#4 C:\xampp\htdocs\project3\vendor\codeigniter4\framework\system\Commands\Server\rewrite.php(45): require_once('C:\\xampp\\htdocs...')
#5 {main}
CRITICAL - 2021-08-30 14:10:05 --> Class 'App\Models\NewsModel' not found
#0 C:\xampp\htdocs\project3\vendor\codeigniter4\framework\system\CodeIgniter.php(928): App\Controllers\News->index()
#1 C:\xampp\htdocs\project3\vendor\codeigniter4\framework\system\CodeIgniter.php(436): CodeIgniter\CodeIgniter->runController(Object(App\Controllers\News))
#2 C:\xampp\htdocs\project3\vendor\codeigniter4\framework\system\CodeIgniter.php(336): CodeIgniter\CodeIgniter->handleRequest(NULL, Object(Config\Cache), false)
#3 C:\xampp\htdocs\project3\public\index.php(37): CodeIgniter\CodeIgniter->run()
#4 C:\xampp\htdocs\project3\vendor\codeigniter4\framework\system\Commands\Server\rewrite.php(45): require_once('C:\\xampp\\htdocs...')
#5 {main}
CRITICAL - 2021-08-30 14:10:05 --> Class 'App\Models\NewsModel' not found
#0 C:\xampp\htdocs\project3\vendor\codeigniter4\framework\system\CodeIgniter.php(928): App\Controllers\News->index()
#1 C:\xampp\htdocs\project3\vendor\codeigniter4\framework\system\CodeIgniter.php(436): CodeIgniter\CodeIgniter->runController(Object(App\Controllers\News))
#2 C:\xampp\htdocs\project3\vendor\codeigniter4\framework\system\CodeIgniter.php(336): CodeIgniter\CodeIgniter->handleRequest(NULL, Object(Config\Cache), false)
#3 C:\xampp\htdocs\project3\public\index.php(37): CodeIgniter\CodeIgniter->run()
#4 C:\xampp\htdocs\project3\vendor\codeigniter4\framework\system\Commands\Server\rewrite.php(45): require_once('C:\\xampp\\htdocs...')
#5 {main}
CRITICAL - 2021-08-30 14:10:05 --> Class 'App\Models\NewsModel' not found
#0 C:\xampp\htdocs\project3\vendor\codeigniter4\framework\system\CodeIgniter.php(928): App\Controllers\News->index()
#1 C:\xampp\htdocs\project3\vendor\codeigniter4\framework\system\CodeIgniter.php(436): CodeIgniter\CodeIgniter->runController(Object(App\Controllers\News))
#2 C:\xampp\htdocs\project3\vendor\codeigniter4\framework\system\CodeIgniter.php(336): CodeIgniter\CodeIgniter->handleRequest(NULL, Object(Config\Cache), false)
#3 C:\xampp\htdocs\project3\public\index.php(37): CodeIgniter\CodeIgniter->run()
#4 C:\xampp\htdocs\project3\vendor\codeigniter4\framework\system\Commands\Server\rewrite.php(45): require_once('C:\\xampp\\htdocs...')
#5 {main}
CRITICAL - 2021-08-30 14:10:48 --> Class 'App\Models\NewsModel' not found
#0 C:\xampp\htdocs\project3\vendor\codeigniter4\framework\system\CodeIgniter.php(928): App\Controllers\News->index()
#1 C:\xampp\htdocs\project3\vendor\codeigniter4\framework\system\CodeIgniter.php(436): CodeIgniter\CodeIgniter->runController(Object(App\Controllers\News))
#2 C:\xampp\htdocs\project3\vendor\codeigniter4\framework\system\CodeIgniter.php(336): CodeIgniter\CodeIgniter->handleRequest(NULL, Object(Config\Cache), false)
#3 C:\xampp\htdocs\project3\public\index.php(37): CodeIgniter\CodeIgniter->run()
#4 C:\xampp\htdocs\project3\vendor\codeigniter4\framework\system\Commands\Server\rewrite.php(45): require_once('C:\\xampp\\htdocs...')
#5 {main}
CRITICAL - 2021-08-30 14:10:48 --> Class 'App\Models\NewsModel' not found
#0 C:\xampp\htdocs\project3\vendor\codeigniter4\framework\system\CodeIgniter.php(928): App\Controllers\News->index()
#1 C:\xampp\htdocs\project3\vendor\codeigniter4\framework\system\CodeIgniter.php(436): CodeIgniter\CodeIgniter->runController(Object(App\Controllers\News))
#2 C:\xampp\htdocs\project3\vendor\codeigniter4\framework\system\CodeIgniter.php(336): CodeIgniter\CodeIgniter->handleRequest(NULL, Object(Config\Cache), false)
#3 C:\xampp\htdocs\project3\public\index.php(37): CodeIgniter\CodeIgniter->run()
#4 C:\xampp\htdocs\project3\vendor\codeigniter4\framework\system\Commands\Server\rewrite.php(45): require_once('C:\\xampp\\htdocs...')
#5 {main}
CRITICAL - 2021-08-30 14:10:49 --> Class 'App\Models\NewsModel' not found
#0 C:\xampp\htdocs\project3\vendor\codeigniter4\framework\system\CodeIgniter.php(928): App\Controllers\News->index()
#1 C:\xampp\htdocs\project3\vendor\codeigniter4\framework\system\CodeIgniter.php(436): CodeIgniter\CodeIgniter->runController(Object(App\Controllers\News))
#2 C:\xampp\htdocs\project3\vendor\codeigniter4\framework\system\CodeIgniter.php(336): CodeIgniter\CodeIgniter->handleRequest(NULL, Object(Config\Cache), false)
#3 C:\xampp\htdocs\project3\public\index.php(37): CodeIgniter\CodeIgniter->run()
#4 C:\xampp\htdocs\project3\vendor\codeigniter4\framework\system\Commands\Server\rewrite.php(45): require_once('C:\\xampp\\htdocs...')
#5 {main}
CRITICAL - 2021-08-30 14:10:49 --> Class 'App\Models\NewsModel' not found
#0 C:\xampp\htdocs\project3\vendor\codeigniter4\framework\system\CodeIgniter.php(928): App\Controllers\News->index()
#1 C:\xampp\htdocs\project3\vendor\codeigniter4\framework\system\CodeIgniter.php(436): CodeIgniter\CodeIgniter->runController(Object(App\Controllers\News))
#2 C:\xampp\htdocs\project3\vendor\codeigniter4\framework\system\CodeIgniter.php(336): CodeIgniter\CodeIgniter->handleRequest(NULL, Object(Config\Cache), false)
#3 C:\xampp\htdocs\project3\public\index.php(37): CodeIgniter\CodeIgniter->run()
#4 C:\xampp\htdocs\project3\vendor\codeigniter4\framework\system\Commands\Server\rewrite.php(45): require_once('C:\\xampp\\htdocs...')
#5 {main}
CRITICAL - 2021-08-30 14:10:49 --> Class 'App\Models\NewsModel' not found
#0 C:\xampp\htdocs\project3\vendor\codeigniter4\framework\system\CodeIgniter.php(928): App\Controllers\News->index()
#1 C:\xampp\htdocs\project3\vendor\codeigniter4\framework\system\CodeIgniter.php(436): CodeIgniter\CodeIgniter->runController(Object(App\Controllers\News))
#2 C:\xampp\htdocs\project3\vendor\codeigniter4\framework\system\CodeIgniter.php(336): CodeIgniter\CodeIgniter->handleRequest(NULL, Object(Config\Cache), false)
#3 C:\xampp\htdocs\project3\public\index.php(37): CodeIgniter\CodeIgniter->run()
#4 C:\xampp\htdocs\project3\vendor\codeigniter4\framework\system\Commands\Server\rewrite.php(45): require_once('C:\\xampp\\htdocs...')
#5 {main}
CRITICAL - 2021-08-30 14:10:50 --> Class 'App\Models\NewsModel' not found
#0 C:\xampp\htdocs\project3\vendor\codeigniter4\framework\system\CodeIgniter.php(928): App\Controllers\News->index()
#1 C:\xampp\htdocs\project3\vendor\codeigniter4\framework\system\CodeIgniter.php(436): CodeIgniter\CodeIgniter->runController(Object(App\Controllers\News))
#2 C:\xampp\htdocs\project3\vendor\codeigniter4\framework\system\CodeIgniter.php(336): CodeIgniter\CodeIgniter->handleRequest(NULL, Object(Config\Cache), false)
#3 C:\xampp\htdocs\project3\public\index.php(37): CodeIgniter\CodeIgniter->run()
#4 C:\xampp\htdocs\project3\vendor\codeigniter4\framework\system\Commands\Server\rewrite.php(45): require_once('C:\\xampp\\htdocs...')
#5 {main}
CRITICAL - 2021-08-30 14:10:50 --> Class 'App\Models\NewsModel' not found
#0 C:\xampp\htdocs\project3\vendor\codeigniter4\framework\system\CodeIgniter.php(928): App\Controllers\News->index()
#1 C:\xampp\htdocs\project3\vendor\codeigniter4\framework\system\CodeIgniter.php(436): CodeIgniter\CodeIgniter->runController(Object(App\Controllers\News))
#2 C:\xampp\htdocs\project3\vendor\codeigniter4\framework\system\CodeIgniter.php(336): CodeIgniter\CodeIgniter->handleRequest(NULL, Object(Config\Cache), false)
#3 C:\xampp\htdocs\project3\public\index.php(37): CodeIgniter\CodeIgniter->run()
#4 C:\xampp\htdocs\project3\vendor\codeigniter4\framework\system\Commands\Server\rewrite.php(45): require_once('C:\\xampp\\htdocs...')
#5 {main}
CRITICAL - 2021-08-30 14:10:50 --> Class 'App\Models\NewsModel' not found
#0 C:\xampp\htdocs\project3\vendor\codeigniter4\framework\system\CodeIgniter.php(928): App\Controllers\News->index()
#1 C:\xampp\htdocs\project3\vendor\codeigniter4\framework\system\CodeIgniter.php(436): CodeIgniter\CodeIgniter->runController(Object(App\Controllers\News))
#2 C:\xampp\htdocs\project3\vendor\codeigniter4\framework\system\CodeIgniter.php(336): CodeIgniter\CodeIgniter->handleRequest(NULL, Object(Config\Cache), false)
#3 C:\xampp\htdocs\project3\public\index.php(37): CodeIgniter\CodeIgniter->run()
#4 C:\xampp\htdocs\project3\vendor\codeigniter4\framework\system\Commands\Server\rewrite.php(45): require_once('C:\\xampp\\htdocs...')
#5 {main}
CRITICAL - 2021-08-30 14:10:50 --> Class 'App\Models\NewsModel' not found
#0 C:\xampp\htdocs\project3\vendor\codeigniter4\framework\system\CodeIgniter.php(928): App\Controllers\News->index()
#1 C:\xampp\htdocs\project3\vendor\codeigniter4\framework\system\CodeIgniter.php(436): CodeIgniter\CodeIgniter->runController(Object(App\Controllers\News))
#2 C:\xampp\htdocs\project3\vendor\codeigniter4\framework\system\CodeIgniter.php(336): CodeIgniter\CodeIgniter->handleRequest(NULL, Object(Config\Cache), false)
#3 C:\xampp\htdocs\project3\public\index.php(37): CodeIgniter\CodeIgniter->run()
#4 C:\xampp\htdocs\project3\vendor\codeigniter4\framework\system\Commands\Server\rewrite.php(45): require_once('C:\\xampp\\htdocs...')
#5 {main}
CRITICAL - 2021-08-30 14:10:54 --> Class 'App\Models\NewsModel' not found
#0 C:\xampp\htdocs\project3\vendor\codeigniter4\framework\system\CodeIgniter.php(928): App\Controllers\News->index()
#1 C:\xampp\htdocs\project3\vendor\codeigniter4\framework\system\CodeIgniter.php(436): CodeIgniter\CodeIgniter->runController(Object(App\Controllers\News))
#2 C:\xampp\htdocs\project3\vendor\codeigniter4\framework\system\CodeIgniter.php(336): CodeIgniter\CodeIgniter->handleRequest(NULL, Object(Config\Cache), false)
#3 C:\xampp\htdocs\project3\public\index.php(37): CodeIgniter\CodeIgniter->run()
#4 C:\xampp\htdocs\project3\vendor\codeigniter4\framework\system\Commands\Server\rewrite.php(45): require_once('C:\\xampp\\htdocs...')
#5 {main}
CRITICAL - 2021-08-30 14:12:44 --> Class 'App\Models\NewsModel' not found
#0 C:\xampp\htdocs\project3\vendor\codeigniter4\framework\system\CodeIgniter.php(928): App\Controllers\News->index()
#1 C:\xampp\htdocs\project3\vendor\codeigniter4\framework\system\CodeIgniter.php(436): CodeIgniter\CodeIgniter->runController(Object(App\Controllers\News))
#2 C:\xampp\htdocs\project3\vendor\codeigniter4\framework\system\CodeIgniter.php(336): CodeIgniter\CodeIgniter->handleRequest(NULL, Object(Config\Cache), false)
#3 C:\xampp\htdocs\project3\public\index.php(37): CodeIgniter\CodeIgniter->run()
#4 C:\xampp\htdocs\project3\vendor\codeigniter4\framework\system\Commands\Server\rewrite.php(45): require_once('C:\\xampp\\htdocs...')
#5 {main}
CRITICAL - 2021-08-30 14:13:31 --> Class 'App\Models\NewsModel' not found
#0 C:\xampp\htdocs\project3\vendor\codeigniter4\framework\system\CodeIgniter.php(928): App\Controllers\News->index()
#1 C:\xampp\htdocs\project3\vendor\codeigniter4\framework\system\CodeIgniter.php(436): CodeIgniter\CodeIgniter->runController(Object(App\Controllers\News))
#2 C:\xampp\htdocs\project3\vendor\codeigniter4\framework\system\CodeIgniter.php(336): CodeIgniter\CodeIgniter->handleRequest(NULL, Object(Config\Cache), false)
#3 C:\xampp\htdocs\project3\public\index.php(37): CodeIgniter\CodeIgniter->run()
#4 C:\xampp\htdocs\project3\vendor\codeigniter4\framework\system\Commands\Server\rewrite.php(45): require_once('C:\\xampp\\htdocs...')
#5 {main}
CRITICAL - 2021-08-30 14:13:31 --> Class 'App\Models\NewsModel' not found
#0 C:\xampp\htdocs\project3\vendor\codeigniter4\framework\system\CodeIgniter.php(928): App\Controllers\News->index()
#1 C:\xampp\htdocs\project3\vendor\codeigniter4\framework\system\CodeIgniter.php(436): CodeIgniter\CodeIgniter->runController(Object(App\Controllers\News))
#2 C:\xampp\htdocs\project3\vendor\codeigniter4\framework\system\CodeIgniter.php(336): CodeIgniter\CodeIgniter->handleRequest(NULL, Object(Config\Cache), false)
#3 C:\xampp\htdocs\project3\public\index.php(37): CodeIgniter\CodeIgniter->run()
#4 C:\xampp\htdocs\project3\vendor\codeigniter4\framework\system\Commands\Server\rewrite.php(45): require_once('C:\\xampp\\htdocs...')
#5 {main}
CRITICAL - 2021-08-30 14:13:31 --> Class 'App\Models\NewsModel' not found
#0 C:\xampp\htdocs\project3\vendor\codeigniter4\framework\system\CodeIgniter.php(928): App\Controllers\News->index()
#1 C:\xampp\htdocs\project3\vendor\codeigniter4\framework\system\CodeIgniter.php(436): CodeIgniter\CodeIgniter->runController(Object(App\Controllers\News))
#2 C:\xampp\htdocs\project3\vendor\codeigniter4\framework\system\CodeIgniter.php(336): CodeIgniter\CodeIgniter->handleRequest(NULL, Object(Config\Cache), false)
#3 C:\xampp\htdocs\project3\public\index.php(37): CodeIgniter\CodeIgniter->run()
#4 C:\xampp\htdocs\project3\vendor\codeigniter4\framework\system\Commands\Server\rewrite.php(45): require_once('C:\\xampp\\htdocs...')
#5 {main}
CRITICAL - 2021-08-30 14:13:31 --> Class 'App\Models\NewsModel' not found
#0 C:\xampp\htdocs\project3\vendor\codeigniter4\framework\system\CodeIgniter.php(928): App\Controllers\News->index()
#1 C:\xampp\htdocs\project3\vendor\codeigniter4\framework\system\CodeIgniter.php(436): CodeIgniter\CodeIgniter->runController(Object(App\Controllers\News))
#2 C:\xampp\htdocs\project3\vendor\codeigniter4\framework\system\CodeIgniter.php(336): CodeIgniter\CodeIgniter->handleRequest(NULL, Object(Config\Cache), false)
#3 C:\xampp\htdocs\project3\public\index.php(37): CodeIgniter\CodeIgniter->run()
#4 C:\xampp\htdocs\project3\vendor\codeigniter4\framework\system\Commands\Server\rewrite.php(45): require_once('C:\\xampp\\htdocs...')
#5 {main}
CRITICAL - 2021-08-30 14:13:41 --> Class 'App\Models\NewsModel' not found
#0 C:\xampp\htdocs\project3\vendor\codeigniter4\framework\system\CodeIgniter.php(928): App\Controllers\News->index()
#1 C:\xampp\htdocs\project3\vendor\codeigniter4\framework\system\CodeIgniter.php(436): CodeIgniter\CodeIgniter->runController(Object(App\Controllers\News))
#2 C:\xampp\htdocs\project3\vendor\codeigniter4\framework\system\CodeIgniter.php(336): CodeIgniter\CodeIgniter->handleRequest(NULL, Object(Config\Cache), false)
#3 C:\xampp\htdocs\project3\public\index.php(37): CodeIgniter\CodeIgniter->run()
#4 C:\xampp\htdocs\project3\vendor\codeigniter4\framework\system\Commands\Server\rewrite.php(45): require_once('C:\\xampp\\htdocs...')
#5 {main}
CRITICAL - 2021-08-30 14:14:32 --> Class 'App\Models\NewsModel' not found
#0 C:\xampp\htdocs\project3\vendor\codeigniter4\framework\system\CodeIgniter.php(928): App\Controllers\News->index()
#1 C:\xampp\htdocs\project3\vendor\codeigniter4\framework\system\CodeIgniter.php(436): CodeIgniter\CodeIgniter->runController(Object(App\Controllers\News))
#2 C:\xampp\htdocs\project3\vendor\codeigniter4\framework\system\CodeIgniter.php(336): CodeIgniter\CodeIgniter->handleRequest(NULL, Object(Config\Cache), false)
#3 C:\xampp\htdocs\project3\public\index.php(37): CodeIgniter\CodeIgniter->run()
#4 C:\xampp\htdocs\project3\vendor\codeigniter4\framework\system\Commands\Server\rewrite.php(45): require_once('C:\\xampp\\htdocs...')
#5 {main}
CRITICAL - 2021-08-30 14:18:30 --> Class 'App\Models\NewsModel' not found
#0 C:\xampp\htdocs\project3\vendor\codeigniter4\framework\system\CodeIgniter.php(928): App\Controllers\News->index()
#1 C:\xampp\htdocs\project3\vendor\codeigniter4\framework\system\CodeIgniter.php(436): CodeIgniter\CodeIgniter->runController(Object(App\Controllers\News))
#2 C:\xampp\htdocs\project3\vendor\codeigniter4\framework\system\CodeIgniter.php(336): CodeIgniter\CodeIgniter->handleRequest(NULL, Object(Config\Cache), false)
#3 C:\xampp\htdocs\project3\public\index.php(37): CodeIgniter\CodeIgniter->run()
#4 C:\xampp\htdocs\project3\vendor\codeigniter4\framework\system\Commands\Server\rewrite.php(45): require_once('C:\\xampp\\htdocs...')
#5 {main}
CRITICAL - 2021-08-30 14:18:36 --> Class 'App\Models\NewsModel' not found
#0 C:\xampp\htdocs\project3\vendor\codeigniter4\framework\system\CodeIgniter.php(928): App\Controllers\News->view()
#1 C:\xampp\htdocs\project3\vendor\codeigniter4\framework\system\CodeIgniter.php(436): CodeIgniter\CodeIgniter->runController(Object(App\Controllers\News))
#2 C:\xampp\htdocs\project3\vendor\codeigniter4\framework\system\CodeIgniter.php(336): CodeIgniter\CodeIgniter->handleRequest(NULL, Object(Config\Cache), false)
#3 C:\xampp\htdocs\project3\public\index.php(37): CodeIgniter\CodeIgniter->run()
#4 C:\xampp\htdocs\project3\vendor\codeigniter4\framework\system\Commands\Server\rewrite.php(45): require_once('C:\\xampp\\htdocs...')
#5 {main}
CRITICAL - 2021-08-30 14:18:46 --> Class 'App\Models\NewsModel' not found
#0 C:\xampp\htdocs\project3\vendor\codeigniter4\framework\system\CodeIgniter.php(928): App\Controllers\News->view()
#1 C:\xampp\htdocs\project3\vendor\codeigniter4\framework\system\CodeIgniter.php(436): CodeIgniter\CodeIgniter->runController(Object(App\Controllers\News))
#2 C:\xampp\htdocs\project3\vendor\codeigniter4\framework\system\CodeIgniter.php(336): CodeIgniter\CodeIgniter->handleRequest(NULL, Object(Config\Cache), false)
#3 C:\xampp\htdocs\project3\public\index.php(37): CodeIgniter\CodeIgniter->run()
#4 C:\xampp\htdocs\project3\vendor\codeigniter4\framework\system\Commands\Server\rewrite.php(45): require_once('C:\\xampp\\htdocs...')
#5 {main}
CRITICAL - 2021-08-30 14:18:46 --> Class 'App\Models\NewsModel' not found
#0 C:\xampp\htdocs\project3\vendor\codeigniter4\framework\system\CodeIgniter.php(928): App\Controllers\News->view()
#1 C:\xampp\htdocs\project3\vendor\codeigniter4\framework\system\CodeIgniter.php(436): CodeIgniter\CodeIgniter->runController(Object(App\Controllers\News))
#2 C:\xampp\htdocs\project3\vendor\codeigniter4\framework\system\CodeIgniter.php(336): CodeIgniter\CodeIgniter->handleRequest(NULL, Object(Config\Cache), false)
#3 C:\xampp\htdocs\project3\public\index.php(37): CodeIgniter\CodeIgniter->run()
#4 C:\xampp\htdocs\project3\vendor\codeigniter4\framework\system\Commands\Server\rewrite.php(45): require_once('C:\\xampp\\htdocs...')
#5 {main}
CRITICAL - 2021-08-30 14:18:47 --> Class 'App\Models\NewsModel' not found
#0 C:\xampp\htdocs\project3\vendor\codeigniter4\framework\system\CodeIgniter.php(928): App\Controllers\News->view()
#1 C:\xampp\htdocs\project3\vendor\codeigniter4\framework\system\CodeIgniter.php(436): CodeIgniter\CodeIgniter->runController(Object(App\Controllers\News))
#2 C:\xampp\htdocs\project3\vendor\codeigniter4\framework\system\CodeIgniter.php(336): CodeIgniter\CodeIgniter->handleRequest(NULL, Object(Config\Cache), false)
#3 C:\xampp\htdocs\project3\public\index.php(37): CodeIgniter\CodeIgniter->run()
#4 C:\xampp\htdocs\project3\vendor\codeigniter4\framework\system\Commands\Server\rewrite.php(45): require_once('C:\\xampp\\htdocs...')
#5 {main}
CRITICAL - 2021-08-30 14:18:47 --> Class 'App\Models\NewsModel' not found
#0 C:\xampp\htdocs\project3\vendor\codeigniter4\framework\system\CodeIgniter.php(928): App\Controllers\News->view()
#1 C:\xampp\htdocs\project3\vendor\codeigniter4\framework\system\CodeIgniter.php(436): CodeIgniter\CodeIgniter->runController(Object(App\Controllers\News))
#2 C:\xampp\htdocs\project3\vendor\codeigniter4\framework\system\CodeIgniter.php(336): CodeIgniter\CodeIgniter->handleRequest(NULL, Object(Config\Cache), false)
#3 C:\xampp\htdocs\project3\public\index.php(37): CodeIgniter\CodeIgniter->run()
#4 C:\xampp\htdocs\project3\vendor\codeigniter4\framework\system\Commands\Server\rewrite.php(45): require_once('C:\\xampp\\htdocs...')
#5 {main}
CRITICAL - 2021-08-30 14:18:47 --> Class 'App\Models\NewsModel' not found
#0 C:\xampp\htdocs\project3\vendor\codeigniter4\framework\system\CodeIgniter.php(928): App\Controllers\News->view()
#1 C:\xampp\htdocs\project3\vendor\codeigniter4\framework\system\CodeIgniter.php(436): CodeIgniter\CodeIgniter->runController(Object(App\Controllers\News))
#2 C:\xampp\htdocs\project3\vendor\codeigniter4\framework\system\CodeIgniter.php(336): CodeIgniter\CodeIgniter->handleRequest(NULL, Object(Config\Cache), false)
#3 C:\xampp\htdocs\project3\public\index.php(37): CodeIgniter\CodeIgniter->run()
#4 C:\xampp\htdocs\project3\vendor\codeigniter4\framework\system\Commands\Server\rewrite.php(45): require_once('C:\\xampp\\htdocs...')
#5 {main}
CRITICAL - 2021-08-30 14:18:47 --> Class 'App\Models\NewsModel' not found
#0 C:\xampp\htdocs\project3\vendor\codeigniter4\framework\system\CodeIgniter.php(928): App\Controllers\News->view()
#1 C:\xampp\htdocs\project3\vendor\codeigniter4\framework\system\CodeIgniter.php(436): CodeIgniter\CodeIgniter->runController(Object(App\Controllers\News))
#2 C:\xampp\htdocs\project3\vendor\codeigniter4\framework\system\CodeIgniter.php(336): CodeIgniter\CodeIgniter->handleRequest(NULL, Object(Config\Cache), false)
#3 C:\xampp\htdocs\project3\public\index.php(37): CodeIgniter\CodeIgniter->run()
#4 C:\xampp\htdocs\project3\vendor\codeigniter4\framework\system\Commands\Server\rewrite.php(45): require_once('C:\\xampp\\htdocs...')
#5 {main}
CRITICAL - 2021-08-30 14:18:47 --> Class 'App\Models\NewsModel' not found
#0 C:\xampp\htdocs\project3\vendor\codeigniter4\framework\system\CodeIgniter.php(928): App\Controllers\News->view()
#1 C:\xampp\htdocs\project3\vendor\codeigniter4\framework\system\CodeIgniter.php(436): CodeIgniter\CodeIgniter->runController(Object(App\Controllers\News))
#2 C:\xampp\htdocs\project3\vendor\codeigniter4\framework\system\CodeIgniter.php(336): CodeIgniter\CodeIgniter->handleRequest(NULL, Object(Config\Cache), false)
#3 C:\xampp\htdocs\project3\public\index.php(37): CodeIgniter\CodeIgniter->run()
#4 C:\xampp\htdocs\project3\vendor\codeigniter4\framework\system\Commands\Server\rewrite.php(45): require_once('C:\\xampp\\htdocs...')
#5 {main}
CRITICAL - 2021-08-30 14:18:48 --> Class 'App\Models\NewsModel' not found
#0 C:\xampp\htdocs\project3\vendor\codeigniter4\framework\system\CodeIgniter.php(928): App\Controllers\News->view()
#1 C:\xampp\htdocs\project3\vendor\codeigniter4\framework\system\CodeIgniter.php(436): CodeIgniter\CodeIgniter->runController(Object(App\Controllers\News))
#2 C:\xampp\htdocs\project3\vendor\codeigniter4\framework\system\CodeIgniter.php(336): CodeIgniter\CodeIgniter->handleRequest(NULL, Object(Config\Cache), false)
#3 C:\xampp\htdocs\project3\public\index.php(37): CodeIgniter\CodeIgniter->run()
#4 C:\xampp\htdocs\project3\vendor\codeigniter4\framework\system\Commands\Server\rewrite.php(45): require_once('C:\\xampp\\htdocs...')
#5 {main}
CRITICAL - 2021-08-30 14:18:48 --> Class 'App\Models\NewsModel' not found
#0 C:\xampp\htdocs\project3\vendor\codeigniter4\framework\system\CodeIgniter.php(928): App\Controllers\News->view()
#1 C:\xampp\htdocs\project3\vendor\codeigniter4\framework\system\CodeIgniter.php(436): CodeIgniter\CodeIgniter->runController(Object(App\Controllers\News))
#2 C:\xampp\htdocs\project3\vendor\codeigniter4\framework\system\CodeIgniter.php(336): CodeIgniter\CodeIgniter->handleRequest(NULL, Object(Config\Cache), false)
#3 C:\xampp\htdocs\project3\public\index.php(37): CodeIgniter\CodeIgniter->run()
#4 C:\xampp\htdocs\project3\vendor\codeigniter4\framework\system\Commands\Server\rewrite.php(45): require_once('C:\\xampp\\htdocs...')
#5 {main}
CRITICAL - 2021-08-30 14:18:48 --> Class 'App\Models\NewsModel' not found
#0 C:\xampp\htdocs\project3\vendor\codeigniter4\framework\system\CodeIgniter.php(928): App\Controllers\News->view()
#1 C:\xampp\htdocs\project3\vendor\codeigniter4\framework\system\CodeIgniter.php(436): CodeIgniter\CodeIgniter->runController(Object(App\Controllers\News))
#2 C:\xampp\htdocs\project3\vendor\codeigniter4\framework\system\CodeIgniter.php(336): CodeIgniter\CodeIgniter->handleRequest(NULL, Object(Config\Cache), false)
#3 C:\xampp\htdocs\project3\public\index.php(37): CodeIgniter\CodeIgniter->run()
#4 C:\xampp\htdocs\project3\vendor\codeigniter4\framework\system\Commands\Server\rewrite.php(45): require_once('C:\\xampp\\htdocs...')
#5 {main}
CRITICAL - 2021-08-30 14:18:48 --> Class 'App\Models\NewsModel' not found
#0 C:\xampp\htdocs\project3\vendor\codeigniter4\framework\system\CodeIgniter.php(928): App\Controllers\News->view()
#1 C:\xampp\htdocs\project3\vendor\codeigniter4\framework\system\CodeIgniter.php(436): CodeIgniter\CodeIgniter->runController(Object(App\Controllers\News))
#2 C:\xampp\htdocs\project3\vendor\codeigniter4\framework\system\CodeIgniter.php(336): CodeIgniter\CodeIgniter->handleRequest(NULL, Object(Config\Cache), false)
#3 C:\xampp\htdocs\project3\public\index.php(37): CodeIgniter\CodeIgniter->run()
#4 C:\xampp\htdocs\project3\vendor\codeigniter4\framework\system\Commands\Server\rewrite.php(45): require_once('C:\\xampp\\htdocs...')
#5 {main}
CRITICAL - 2021-08-30 14:19:10 --> Class 'App\Models\NewsModel' not found
#0 C:\xampp\htdocs\project3\vendor\codeigniter4\framework\system\CodeIgniter.php(928): App\Controllers\News->view()
#1 C:\xampp\htdocs\project3\vendor\codeigniter4\framework\system\CodeIgniter.php(436): CodeIgniter\CodeIgniter->runController(Object(App\Controllers\News))
#2 C:\xampp\htdocs\project3\vendor\codeigniter4\framework\system\CodeIgniter.php(336): CodeIgniter\CodeIgniter->handleRequest(NULL, Object(Config\Cache), false)
#3 C:\xampp\htdocs\project3\public\index.php(37): CodeIgniter\CodeIgniter->run()
#4 C:\xampp\htdocs\project3\vendor\codeigniter4\framework\system\Commands\Server\rewrite.php(45): require_once('C:\\xampp\\htdocs...')
#5 {main}
CRITICAL - 2021-08-30 14:19:11 --> Class 'App\Models\NewsModel' not found
#0 C:\xampp\htdocs\project3\vendor\codeigniter4\framework\system\CodeIgniter.php(928): App\Controllers\News->view()
#1 C:\xampp\htdocs\project3\vendor\codeigniter4\framework\system\CodeIgniter.php(436): CodeIgniter\CodeIgniter->runController(Object(App\Controllers\News))
#2 C:\xampp\htdocs\project3\vendor\codeigniter4\framework\system\CodeIgniter.php(336): CodeIgniter\CodeIgniter->handleRequest(NULL, Object(Config\Cache), false)
#3 C:\xampp\htdocs\project3\public\index.php(37): CodeIgniter\CodeIgniter->run()
#4 C:\xampp\htdocs\project3\vendor\codeigniter4\framework\system\Commands\Server\rewrite.php(45): require_once('C:\\xampp\\htdocs...')
#5 {main}
CRITICAL - 2021-08-30 14:19:11 --> Class 'App\Models\NewsModel' not found
#0 C:\xampp\htdocs\project3\vendor\codeigniter4\framework\system\CodeIgniter.php(928): App\Controllers\News->view()
#1 C:\xampp\htdocs\project3\vendor\codeigniter4\framework\system\CodeIgniter.php(436): CodeIgniter\CodeIgniter->runController(Object(App\Controllers\News))
#2 C:\xampp\htdocs\project3\vendor\codeigniter4\framework\system\CodeIgniter.php(336): CodeIgniter\CodeIgniter->handleRequest(NULL, Object(Config\Cache), false)
#3 C:\xampp\htdocs\project3\public\index.php(37): CodeIgniter\CodeIgniter->run()
#4 C:\xampp\htdocs\project3\vendor\codeigniter4\framework\system\Commands\Server\rewrite.php(45): require_once('C:\\xampp\\htdocs...')
#5 {main}
CRITICAL - 2021-08-30 14:19:11 --> Class 'App\Models\NewsModel' not found
#0 C:\xampp\htdocs\project3\vendor\codeigniter4\framework\system\CodeIgniter.php(928): App\Controllers\News->view()
#1 C:\xampp\htdocs\project3\vendor\codeigniter4\framework\system\CodeIgniter.php(436): CodeIgniter\CodeIgniter->runController(Object(App\Controllers\News))
#2 C:\xampp\htdocs\project3\vendor\codeigniter4\framework\system\CodeIgniter.php(336): CodeIgniter\CodeIgniter->handleRequest(NULL, Object(Config\Cache), false)
#3 C:\xampp\htdocs\project3\public\index.php(37): CodeIgniter\CodeIgniter->run()
#4 C:\xampp\htdocs\project3\vendor\codeigniter4\framework\system\Commands\Server\rewrite.php(45): require_once('C:\\xampp\\htdocs...')
#5 {main}
CRITICAL - 2021-08-30 14:19:20 --> Class 'App\Models\NewsModel' not found
#0 C:\xampp\htdocs\project3\vendor\codeigniter4\framework\system\CodeIgniter.php(928): App\Controllers\News->index()
#1 C:\xampp\htdocs\project3\vendor\codeigniter4\framework\system\CodeIgniter.php(436): CodeIgniter\CodeIgniter->runController(Object(App\Controllers\News))
#2 C:\xampp\htdocs\project3\vendor\codeigniter4\framework\system\CodeIgniter.php(336): CodeIgniter\CodeIgniter->handleRequest(NULL, Object(Config\Cache), false)
#3 C:\xampp\htdocs\project3\public\index.php(37): CodeIgniter\CodeIgniter->run()
#4 C:\xampp\htdocs\project3\vendor\codeigniter4\framework\system\Commands\Server\rewrite.php(45): require_once('C:\\xampp\\htdocs...')
#5 {main}
CRITICAL - 2021-08-30 14:19:54 --> Class 'App\Models\NewsModel' not found
#0 C:\xampp\htdocs\project3\vendor\codeigniter4\framework\system\CodeIgniter.php(928): App\Controllers\News->index()
#1 C:\xampp\htdocs\project3\vendor\codeigniter4\framework\system\CodeIgniter.php(436): CodeIgniter\CodeIgniter->runController(Object(App\Controllers\News))
#2 C:\xampp\htdocs\project3\vendor\codeigniter4\framework\system\CodeIgniter.php(336): CodeIgniter\CodeIgniter->handleRequest(NULL, Object(Config\Cache), false)
#3 C:\xampp\htdocs\project3\public\index.php(37): CodeIgniter\CodeIgniter->run()
#4 C:\xampp\htdocs\project3\vendor\codeigniter4\framework\system\Commands\Server\rewrite.php(45): require_once('C:\\xampp\\htdocs...')
#5 {main}
