CRITICAL - 2021-08-29 15:22:47 --> Call to undefined function CodeIgniter\locale_set_default()
#0 C:\xampp\htdocs\project3\vendor\codeigniter4\framework\system\bootstrap.php(157): CodeIgniter\CodeIgniter->initialize()
#1 C:\xampp\htdocs\project3\public\index.php(28): require('C:\\xampp\\htdocs...')
#2 {main}
CRITICAL - 2021-08-29 15:24:43 --> Call to undefined function CodeIgniter\locale_set_default()
#0 C:\xampp\htdocs\project3\vendor\codeigniter4\framework\system\bootstrap.php(157): CodeIgniter\CodeIgniter->initialize()
#1 C:\xampp\htdocs\project3\public\index.php(28): require('C:\\xampp\\htdocs...')
#2 {main}
CRITICAL - 2021-08-29 15:24:44 --> Call to undefined function CodeIgniter\locale_set_default()
#0 C:\xampp\htdocs\project3\vendor\codeigniter4\framework\system\bootstrap.php(157): CodeIgniter\CodeIgniter->initialize()
#1 C:\xampp\htdocs\project3\public\index.php(28): require('C:\\xampp\\htdocs...')
#2 {main}
CRITICAL - 2021-08-29 15:24:48 --> Call to undefined function CodeIgniter\locale_set_default()
#0 C:\xampp\htdocs\project3\vendor\codeigniter4\framework\system\bootstrap.php(157): CodeIgniter\CodeIgniter->initialize()
#1 C:\xampp\htdocs\project3\public\index.php(28): require('C:\\xampp\\htdocs...')
#2 {main}
CRITICAL - 2021-08-29 15:28:22 --> Call to undefined function CodeIgniter\locale_set_default()
#0 C:\xampp\htdocs\project3\vendor\codeigniter4\framework\system\bootstrap.php(157): CodeIgniter\CodeIgniter->initialize()
#1 C:\xampp\htdocs\project3\public\index.php(28): require('C:\\xampp\\htdocs...')
#2 {main}
CRITICAL - 2021-08-29 15:28:24 --> Call to undefined function CodeIgniter\locale_set_default()
#0 C:\xampp\htdocs\project3\vendor\codeigniter4\framework\system\bootstrap.php(157): CodeIgniter\CodeIgniter->initialize()
#1 C:\xampp\htdocs\project3\public\index.php(28): require('C:\\xampp\\htdocs...')
#2 {main}
CRITICAL - 2021-08-29 15:28:24 --> Call to undefined function CodeIgniter\locale_set_default()
#0 C:\xampp\htdocs\project3\vendor\codeigniter4\framework\system\bootstrap.php(157): CodeIgniter\CodeIgniter->initialize()
#1 C:\xampp\htdocs\project3\public\index.php(28): require('C:\\xampp\\htdocs...')
#2 {main}
CRITICAL - 2021-08-29 15:28:24 --> Call to undefined function CodeIgniter\locale_set_default()
#0 C:\xampp\htdocs\project3\vendor\codeigniter4\framework\system\bootstrap.php(157): CodeIgniter\CodeIgniter->initialize()
#1 C:\xampp\htdocs\project3\public\index.php(28): require('C:\\xampp\\htdocs...')
#2 {main}
CRITICAL - 2021-08-29 15:29:14 --> Call to undefined function CodeIgniter\locale_set_default()
#0 C:\xampp\htdocs\project3\vendor\codeigniter4\framework\system\bootstrap.php(157): CodeIgniter\CodeIgniter->initialize()
#1 C:\xampp\htdocs\project3\public\index.php(28): require('C:\\xampp\\htdocs...')
#2 {main}
CRITICAL - 2021-08-29 16:02:13 --> Call to undefined function CodeIgniter\locale_set_default()
#0 C:\xampp\htdocs\project3\vendor\codeigniter4\framework\system\bootstrap.php(157): CodeIgniter\CodeIgniter->initialize()
#1 C:\xampp\htdocs\project3\public\index.php(28): require('C:\\xampp\\htdocs...')
#2 {main}
CRITICAL - 2021-08-29 16:02:14 --> Call to undefined function CodeIgniter\locale_set_default()
#0 C:\xampp\htdocs\project3\vendor\codeigniter4\framework\system\bootstrap.php(157): CodeIgniter\CodeIgniter->initialize()
#1 C:\xampp\htdocs\project3\public\index.php(28): require('C:\\xampp\\htdocs...')
#2 {main}
CRITICAL - 2021-08-29 16:02:15 --> Call to undefined function CodeIgniter\locale_set_default()
#0 C:\xampp\htdocs\project3\vendor\codeigniter4\framework\system\bootstrap.php(157): CodeIgniter\CodeIgniter->initialize()
#1 C:\xampp\htdocs\project3\public\index.php(28): require('C:\\xampp\\htdocs...')
#2 {main}
CRITICAL - 2021-08-29 16:02:15 --> Call to undefined function CodeIgniter\locale_set_default()
#0 C:\xampp\htdocs\project3\vendor\codeigniter4\framework\system\bootstrap.php(157): CodeIgniter\CodeIgniter->initialize()
#1 C:\xampp\htdocs\project3\public\index.php(28): require('C:\\xampp\\htdocs...')
#2 {main}
CRITICAL - 2021-08-29 16:02:15 --> Call to undefined function CodeIgniter\locale_set_default()
#0 C:\xampp\htdocs\project3\vendor\codeigniter4\framework\system\bootstrap.php(157): CodeIgniter\CodeIgniter->initialize()
#1 C:\xampp\htdocs\project3\public\index.php(28): require('C:\\xampp\\htdocs...')
#2 {main}
CRITICAL - 2021-08-29 16:02:50 --> Call to undefined function CodeIgniter\locale_set_default()
#0 C:\xampp\htdocs\project3\vendor\codeigniter4\framework\system\bootstrap.php(157): CodeIgniter\CodeIgniter->initialize()
#1 C:\xampp\htdocs\project3\public\index.php(28): require('C:\\xampp\\htdocs...')
#2 {main}
CRITICAL - 2021-08-29 16:02:51 --> Call to undefined function CodeIgniter\locale_set_default()
#0 C:\xampp\htdocs\project3\vendor\codeigniter4\framework\system\bootstrap.php(157): CodeIgniter\CodeIgniter->initialize()
#1 C:\xampp\htdocs\project3\public\index.php(28): require('C:\\xampp\\htdocs...')
#2 {main}
CRITICAL - 2021-08-29 16:02:51 --> Call to undefined function CodeIgniter\locale_set_default()
#0 C:\xampp\htdocs\project3\vendor\codeigniter4\framework\system\bootstrap.php(157): CodeIgniter\CodeIgniter->initialize()
#1 C:\xampp\htdocs\project3\public\index.php(28): require('C:\\xampp\\htdocs...')
#2 {main}
CRITICAL - 2021-08-29 16:04:28 --> Call to undefined function CodeIgniter\locale_set_default()
#0 C:\xampp\htdocs\project3\vendor\codeigniter4\framework\system\bootstrap.php(157): CodeIgniter\CodeIgniter->initialize()
#1 C:\xampp\htdocs\project3\public\index.php(28): require('C:\\xampp\\htdocs...')
#2 {main}
CRITICAL - 2021-08-29 16:04:28 --> Call to undefined function CodeIgniter\locale_set_default()
#0 C:\xampp\htdocs\project3\vendor\codeigniter4\framework\system\bootstrap.php(157): CodeIgniter\CodeIgniter->initialize()
#1 C:\xampp\htdocs\project3\public\index.php(28): require('C:\\xampp\\htdocs...')
#2 {main}
CRITICAL - 2021-08-29 16:04:28 --> Call to undefined function CodeIgniter\locale_set_default()
#0 C:\xampp\htdocs\project3\vendor\codeigniter4\framework\system\bootstrap.php(157): CodeIgniter\CodeIgniter->initialize()
#1 C:\xampp\htdocs\project3\public\index.php(28): require('C:\\xampp\\htdocs...')
#2 {main}
CRITICAL - 2021-08-29 16:04:28 --> Call to undefined function CodeIgniter\locale_set_default()
#0 C:\xampp\htdocs\project3\vendor\codeigniter4\framework\system\bootstrap.php(157): CodeIgniter\CodeIgniter->initialize()
#1 C:\xampp\htdocs\project3\public\index.php(28): require('C:\\xampp\\htdocs...')
#2 {main}
CRITICAL - 2021-08-29 16:04:29 --> Call to undefined function CodeIgniter\locale_set_default()
#0 C:\xampp\htdocs\project3\vendor\codeigniter4\framework\system\bootstrap.php(157): CodeIgniter\CodeIgniter->initialize()
#1 C:\xampp\htdocs\project3\public\index.php(28): require('C:\\xampp\\htdocs...')
#2 {main}
CRITICAL - 2021-08-29 16:05:12 --> Call to undefined function CodeIgniter\locale_set_default()
#0 C:\xampp\htdocs\project3\vendor\codeigniter4\framework\system\bootstrap.php(157): CodeIgniter\CodeIgniter->initialize()
#1 C:\xampp\htdocs\project3\public\index.php(28): require('C:\\xampp\\htdocs...')
#2 {main}
CRITICAL - 2021-08-29 16:05:12 --> Call to undefined function CodeIgniter\locale_set_default()
#0 C:\xampp\htdocs\project3\vendor\codeigniter4\framework\system\bootstrap.php(157): CodeIgniter\CodeIgniter->initialize()
#1 C:\xampp\htdocs\project3\public\index.php(28): require('C:\\xampp\\htdocs...')
#2 {main}
CRITICAL - 2021-08-29 16:05:12 --> Call to undefined function CodeIgniter\locale_set_default()
#0 C:\xampp\htdocs\project3\vendor\codeigniter4\framework\system\bootstrap.php(157): CodeIgniter\CodeIgniter->initialize()
#1 C:\xampp\htdocs\project3\public\index.php(28): require('C:\\xampp\\htdocs...')
#2 {main}
CRITICAL - 2021-08-29 10:47:25 --> Invalid file: wselcome_message.php
#0 C:\xampp\htdocs\project3\vendor\codeigniter4\framework\system\View\View.php(213): CodeIgniter\Exceptions\FrameworkException::forInvalidFile('wselcome_messag...')
#1 C:\xampp\htdocs\project3\vendor\codeigniter4\framework\system\Common.php(1271): CodeIgniter\View\View->render('wselcome_messag...', Array, true)
#2 C:\xampp\htdocs\project3\app\Controllers\Home.php(9): view('wselcome_messag...')
#3 C:\xampp\htdocs\project3\vendor\codeigniter4\framework\system\CodeIgniter.php(928): App\Controllers\Home->index()
#4 C:\xampp\htdocs\project3\vendor\codeigniter4\framework\system\CodeIgniter.php(436): CodeIgniter\CodeIgniter->runController(Object(App\Controllers\Home))
#5 C:\xampp\htdocs\project3\vendor\codeigniter4\framework\system\CodeIgniter.php(336): CodeIgniter\CodeIgniter->handleRequest(NULL, Object(Config\Cache), false)
#6 C:\xampp\htdocs\project3\public\index.php(37): CodeIgniter\CodeIgniter->run()
#7 {main}
CRITICAL - 2021-08-29 10:47:26 --> Invalid file: wselcome_message.php
#0 C:\xampp\htdocs\project3\vendor\codeigniter4\framework\system\View\View.php(213): CodeIgniter\Exceptions\FrameworkException::forInvalidFile('wselcome_messag...')
#1 C:\xampp\htdocs\project3\vendor\codeigniter4\framework\system\Common.php(1271): CodeIgniter\View\View->render('wselcome_messag...', Array, true)
#2 C:\xampp\htdocs\project3\app\Controllers\Home.php(9): view('wselcome_messag...')
#3 C:\xampp\htdocs\project3\vendor\codeigniter4\framework\system\CodeIgniter.php(928): App\Controllers\Home->index()
#4 C:\xampp\htdocs\project3\vendor\codeigniter4\framework\system\CodeIgniter.php(436): CodeIgniter\CodeIgniter->runController(Object(App\Controllers\Home))
#5 C:\xampp\htdocs\project3\vendor\codeigniter4\framework\system\CodeIgniter.php(336): CodeIgniter\CodeIgniter->handleRequest(NULL, Object(Config\Cache), false)
#6 C:\xampp\htdocs\project3\public\index.php(37): CodeIgniter\CodeIgniter->run()
#7 C:\xampp\htdocs\project3\vendor\codeigniter4\framework\system\Commands\Server\rewrite.php(45): require_once('C:\\xampp\\htdocs...')
#8 {main}
CRITICAL - 2021-08-29 10:47:28 --> Invalid file: wselcome_message.php
#0 C:\xampp\htdocs\project3\vendor\codeigniter4\framework\system\View\View.php(213): CodeIgniter\Exceptions\FrameworkException::forInvalidFile('wselcome_messag...')
#1 C:\xampp\htdocs\project3\vendor\codeigniter4\framework\system\Common.php(1271): CodeIgniter\View\View->render('wselcome_messag...', Array, true)
#2 C:\xampp\htdocs\project3\app\Controllers\Home.php(9): view('wselcome_messag...')
#3 C:\xampp\htdocs\project3\vendor\codeigniter4\framework\system\CodeIgniter.php(928): App\Controllers\Home->index()
#4 C:\xampp\htdocs\project3\vendor\codeigniter4\framework\system\CodeIgniter.php(436): CodeIgniter\CodeIgniter->runController(Object(App\Controllers\Home))
#5 C:\xampp\htdocs\project3\vendor\codeigniter4\framework\system\CodeIgniter.php(336): CodeIgniter\CodeIgniter->handleRequest(NULL, Object(Config\Cache), false)
#6 C:\xampp\htdocs\project3\public\index.php(37): CodeIgniter\CodeIgniter->run()
#7 C:\xampp\htdocs\project3\vendor\codeigniter4\framework\system\Commands\Server\rewrite.php(45): require_once('C:\\xampp\\htdocs...')
#8 {main}
CRITICAL - 2021-08-29 10:47:28 --> Invalid file: wselcome_message.php
#0 C:\xampp\htdocs\project3\vendor\codeigniter4\framework\system\View\View.php(213): CodeIgniter\Exceptions\FrameworkException::forInvalidFile('wselcome_messag...')
#1 C:\xampp\htdocs\project3\vendor\codeigniter4\framework\system\Common.php(1271): CodeIgniter\View\View->render('wselcome_messag...', Array, true)
#2 C:\xampp\htdocs\project3\app\Controllers\Home.php(9): view('wselcome_messag...')
#3 C:\xampp\htdocs\project3\vendor\codeigniter4\framework\system\CodeIgniter.php(928): App\Controllers\Home->index()
#4 C:\xampp\htdocs\project3\vendor\codeigniter4\framework\system\CodeIgniter.php(436): CodeIgniter\CodeIgniter->runController(Object(App\Controllers\Home))
#5 C:\xampp\htdocs\project3\vendor\codeigniter4\framework\system\CodeIgniter.php(336): CodeIgniter\CodeIgniter->handleRequest(NULL, Object(Config\Cache), false)
#6 C:\xampp\htdocs\project3\public\index.php(37): CodeIgniter\CodeIgniter->run()
#7 C:\xampp\htdocs\project3\vendor\codeigniter4\framework\system\Commands\Server\rewrite.php(45): require_once('C:\\xampp\\htdocs...')
#8 {main}
